Copyright 1986-2016 Xilinx, Inc. All Rights Reserved.
--------------------------------------------------------------------------------------------
| Tool Version : Vivado v.2016.4 (win64) Build 1756540 Mon Jan 23 19:11:23 MST 2017
| Date         : Tue Apr 25 14:31:41 2017
| Host         : CozLaptop-Win10 running 64-bit major release  (build 9200)
| Command      : report_control_sets -verbose -file OK_BoardWrapper_control_sets_placed.rpt
| Design       : OK_BoardWrapper
| Device       : xc7a15t
--------------------------------------------------------------------------------------------

Control Set Information

Table of Contents
-----------------
1. Summary
2. Flip-Flop Distribution
3. Detailed Control Set Information

1. Summary
----------

+----------------------------------------------------------+-------+
|                          Status                          | Count |
+----------------------------------------------------------+-------+
| Number of unique control sets                            |    71 |
| Unused register locations in slices containing registers |   245 |
+----------------------------------------------------------+-------+


2. Flip-Flop Distribution
-------------------------

+--------------+-----------------------+------------------------+-----------------+--------------+
| Clock Enable | Synchronous Set/Reset | Asynchronous Set/Reset | Total Registers | Total Slices |
+--------------+-----------------------+------------------------+-----------------+--------------+
| No           | No                    | No                     |             178 |           76 |
| No           | No                    | Yes                    |             237 |           75 |
| No           | Yes                   | No                     |              69 |           22 |
| Yes          | No                    | No                     |              98 |           39 |
| Yes          | No                    | Yes                    |             283 |           73 |
| Yes          | Yes                   | No                     |              58 |           25 |
+--------------+-----------------------+------------------------+-----------------+--------------+


3. Detailed Control Set Information
-----------------------------------

+------------------------------------------------------------------------------------------------------------------+------------------------------------------------------------------------------------------------------------+-----------------------------------------------------------------------------------------------------------------------------------------+------------------+----------------+
|                                                   Clock Signal                                                   |                                                Enable Signal                                               |                                                             Set/Reset Signal                                                            | Slice Load Count | Bel Load Count |
+------------------------------------------------------------------------------------------------------------------+------------------------------------------------------------------------------------------------------------+-----------------------------------------------------------------------------------------------------------------------------------------+------------------+----------------+
|  okHI/ok1[8]                                                                                                     |                                                                                                            | okHI/core0/core0/a0/cb0/U0/inst_fifo_gen/gconvfifo.rf/grf.rf/rstblk/rst_rd_reg2                                                         |                1 |              1 |
|  okHI/ok1[8]                                                                                                     | okTriggerInForSampling/eptrig[15]_i_1_n_0                                                                  | okHI/core0/core0/lfc9af733ef9b7e7ec2ccb35c062a12d3[25]                                                                                  |                1 |              1 |
|  okHI/ok1[8]                                                                                                     |                                                                                                            | okHI/core0/core0/a0/cb0/U0/ngwrdrst.grst.g7serrst.wr_rst_reg[2]_i_1_n_0                                                                 |                1 |              1 |
|  okHI/ok1[8]                                                                                                     |                                                                                                            | okHI/core0/core0/a0/cb0/U0/inst_fifo_gen/gconvfifo.rf/grf.rf/rstblk/rst_wr_reg2                                                         |                1 |              1 |
|  Logic_Analyzer/u_fifo/b_fifo/U0/inst_fifo_gen/gconvfifo.rf/grf.rf/gntv_or_sync_fifo.gl0.wr/gwas.wsts/ram_full_i |                                                                                                            |                                                                                                                                         |                1 |              1 |
|  CLK_IBUF_BUFG                                                                                                   |                                                                                                            | okControlSignalsFromPC/ep_dataout[0]                                                                                                    |                1 |              1 |
|  okHI/ok1[8]                                                                                                     |                                                                                                            | Logic_Analyzer/u_fifo/b_fifo/U0/inst_fifo_gen/gconvfifo.rf/grf.rf/rstblk/rst_rd_reg2                                                    |                1 |              1 |
|  okHI/ok1[8]                                                                                                     |                                                                                                            | okHI/core0/core0/a0/cb0/U0/RD_RST                                                                                                       |                1 |              2 |
|  okHI/ok1[8]                                                                                                     |                                                                                                            | okHI/core0/core0/a0/cb0/U0/ngwrdrst.grst.g7serrst.rd_rst_reg[2]_i_1_n_0                                                                 |                1 |              2 |
|  okHI/ok1[8]                                                                                                     |                                                                                                            | okHI/core0/core0/a0/cb0/U0/inst_fifo_gen/gconvfifo.rf/grf.rf/rstblk/rst_d2                                                              |                1 |              2 |
|  okHI/ok1[8]                                                                                                     |                                                                                                            | Control_Unit/LA_CU_Reset                                                                                                                |                1 |              2 |
|  okHI/ok1[8]                                                                                                     | okHI/core0/core0/a0/pc0/CE                                                                                 | okHI/core0/core0/a0/pc0/R                                                                                                               |                1 |              2 |
|  LA_Sampiling_Clock_BUFG                                                                                         |                                                                                                            | Control_Unit/LA_CU_Reset                                                                                                                |                1 |              2 |
|  LA_Sampiling_Clock_BUFG                                                                                         |                                                                                                            | Logic_Analyzer/u_fifo/b_fifo/U0/inst_fifo_gen/gconvfifo.rf/grf.rf/rstblk/rst_d2                                                         |                1 |              2 |
|  LA_Sampiling_Clock_BUFG                                                                                         |                                                                                                            | Logic_Analyzer/u_fifo/b_fifo/U0/inst_fifo_gen/gconvfifo.rf/grf.rf/rstblk/ngwrdrst.grst.g7serrst.gwrrd_rst_sync_stage[2].wrst_inst/AS[0] |                1 |              3 |
|  okHI/ok1[8]                                                                                                     |                                                                                                            | okHI/core0/core0/a0/lc12c7095b9bc056c60880aeb6055afb1                                                                                   |                2 |              3 |
|  okHI/ok1[8]                                                                                                     |                                                                                                            | Logic_Analyzer/u_fifo/b_fifo/U0/inst_fifo_gen/gconvfifo.rf/grf.rf/rstblk/ngwrdrst.grst.g7serrst.gwrrd_rst_sync_stage[2].rrst_inst/AS[0] |                1 |              3 |
|  LA_Sampiling_Clock_BUFG                                                                                         |                                                                                                            |                                                                                                                                         |                3 |              4 |
| ~LA_Sampiling_Clock_BUFG                                                                                         |                                                                                                            | Control_Unit/LA_CU_Reset                                                                                                                |                1 |              4 |
|  okHI/ok1[8]                                                                                                     |                                                                                                            | okHI/core0/core0/ld307737e57d50d07f937891de086bf8e_i_1_n_0                                                                              |                1 |              4 |
|  LA_Sampiling_Clock_BUFG                                                                                         |                                                                                                            | Logic_Analyzer/u_fifo/b_fifo/U0/inst_fifo_gen/gconvfifo.rf/grf.rf/rstblk/rst_wr_reg2                                                    |                1 |              4 |
|  LA_Sampiling_Clock_BUFG                                                                                         | Logic_Analyzer/u_buffer/buffer_memory_reg[2]0                                                              | Logic_Analyzer/u_buffer/counter[31]_i_2_n_0                                                                                             |                1 |              4 |
|  LA_Sampiling_Clock_BUFG                                                                                         | Logic_Analyzer/u_buffer/buffer_memory_reg[3]0                                                              | Logic_Analyzer/u_buffer/counter[31]_i_2_n_0                                                                                             |                1 |              4 |
|  LA_Sampiling_Clock_BUFG                                                                                         | Logic_Analyzer/u_buffer/buffer_memory_reg[1]0                                                              | Logic_Analyzer/u_buffer/counter[31]_i_2_n_0                                                                                             |                3 |              4 |
|  LA_Sampiling_Clock_BUFG                                                                                         | Logic_Analyzer/u_buffer/buffer_memory_reg[0]0                                                              | Logic_Analyzer/u_buffer/counter[31]_i_2_n_0                                                                                             |                1 |              4 |
|  okHI/ok1[8]                                                                                                     | okHI/core0/core0/l885bbeb94996347da66a8546671e4990[19]_i_1_n_0                                             |                                                                                                                                         |                1 |              4 |
|  okHI/ok1[8]                                                                                                     | okHI/core0/core0/leeb76b405f165a9b4ab0606f3ea0b3c4[3]_i_1_n_0                                              |                                                                                                                                         |                1 |              4 |
|  okHI/ok1[8]                                                                                                     | okHI/core0/core0/FSM_sequential_l8ff940a6bfc33211f22a7ff95e39fe60[3]_i_1_n_0                               |                                                                                                                                         |                3 |              4 |
|  okHI/ok1[8]                                                                                                     | okHI/core0/core0/a0/l90ce46b343647bab4d280b5afc506219                                                      | okHI/core0/core0/a0/lc12c7095b9bc056c60880aeb6055afb1                                                                                   |                1 |              4 |
|  okHI/ok1[8]                                                                                                     | okHI/core0/core0/lab8c81cec3709c0416d0acf79f37f087[15]_i_1_n_0                                             |                                                                                                                                         |                2 |              4 |
|  okHI/ok1[8]                                                                                                     | okHI/core0/core0/leeb76b405f165a9b4ab0606f3ea0b3c4[7]_i_2_n_0                                              | okHI/core0/core0/leeb76b405f165a9b4ab0606f3ea0b3c4[7]_i_1_n_0                                                                           |                1 |              4 |
|  okHI/ok1[8]                                                                                                     | okControlSignalsFromPC/ep_datahold[15]_i_1_n_0                                                             | okHI/core0/core0/lfc9af733ef9b7e7ec2ccb35c062a12d3[25]                                                                                  |                1 |              4 |
|  okHI/ok1[8]                                                                                                     | okHI/core0/core0/FSM_sequential_l6d7b501652de6ba8ba55082874707b2a[4]_i_1_n_0                               | okHI/core0/core0/lab4325c385c0fcaa4cd26acd21308822                                                                                      |                4 |              5 |
|  CLK_IBUF_BUFG                                                                                                   |                                                                                                            | Control_Unit/Clock_Module/CLK_DIV_1MHz/ClockDiv[5]_i_1__0_n_0                                                                           |                1 |              5 |
|  okHI/ok1[8]                                                                                                     |                                                                                                            | okHI/core0/core0/a0/pc0/R                                                                                                               |                3 |              6 |
|  okHI/ok1[8]                                                                                                     | okHI/core0/core0/a0/d0/lfd4ae1d2a2f83cc540ba2af5c1891381                                                   | okHI/core0/core0/lab4325c385c0fcaa4cd26acd21308822                                                                                      |                2 |              6 |
|  CLK_IBUF_BUFG                                                                                                   |                                                                                                            | Control_Unit/Clock_Module/CLK_DIV_500KHz/clk_out                                                                                        |                2 |              6 |
|  okHI/ok1[8]                                                                                                     |                                                                                                            | okHI/core0/core0/a0/l62a5479e7989ce7f4d5507c695cc69cf                                                                                   |                3 |              7 |
|  okHI/ok1[8]                                                                                                     | okHI/core0/core0/l92ae5a5037b0cc87c9562f3e505d14cf[6]_i_1_n_0                                              |                                                                                                                                         |                2 |              7 |
|  okHI/ok1[8]                                                                                                     | okHI/core0/core0/a0/l37dbd1aafb403530c46407234a8f7286                                                      |                                                                                                                                         |                2 |              8 |
|  okHI/ok1[8]                                                                                                     |                                                                                                            | okHI/core0/core0/a0/l770e51175fa898662b06f9e3b71c7bff[7]                                                                                |                3 |              8 |
|  okHI/ok1[8]                                                                                                     | okHI/core0/core0/l9f43dc9d3787a4c1395542a254aee157[7]_i_1_n_0                                              |                                                                                                                                         |                4 |              8 |
|  okHI/ok1[8]                                                                                                     | okHI/core0/core0/l885bbeb94996347da66a8546671e4990[7]_i_1_n_0                                              |                                                                                                                                         |                1 |              8 |
|  okHI/ok1[8]                                                                                                     | okHI/core0/core0/lbe59f904be1e8440c2d6333521aaa29a[7]_i_1_n_0                                              |                                                                                                                                         |                2 |              8 |
|  okHI/ok1[8]                                                                                                     | okHI/core0/core0/l885bbeb94996347da66a8546671e4990[15]_i_1_n_0                                             |                                                                                                                                         |                3 |              8 |
|  okHI/ok1[8]                                                                                                     | okHI/core0/core0/le4c4532ac06490aa5cc2f8d669975cdc[10]_i_1_n_0                                             |                                                                                                                                         |                5 |             11 |
|  okHI/ok1[8]                                                                                                     | okHI/core0/core0/l18905be285ee66e0e6fb566993b0399b                                                         | okHI/core0/core0/lab4325c385c0fcaa4cd26acd21308822                                                                                      |                6 |             11 |
|  okHI/ok1[8]                                                                                                     | okHI/core0/core0/a0/pc0/I3                                                                                 | okHI/core0/core0/a0/pc0/R                                                                                                               |                3 |             12 |
|  okHI/ok1[8]                                                                                                     | okHI/core0/core0/a0/cb0/U0/inst_fifo_gen/gconvfifo.rf/grf.rf/p_7_out                                       | okHI/core0/core0/a0/cb0/U0/inst_fifo_gen/gconvfifo.rf/grf.rf/rd_rst_i                                                                   |                3 |             12 |
|  okHI/ok1[8]                                                                                                     | okHI/core0/core0/a0/cb0/U0/inst_fifo_gen/gconvfifo.rf/grf.rf/gntv_or_sync_fifo.gl0.wr/ram_wr_en_into_logic | okHI/core0/core0/a0/cb0/U0/wr_rst_reg                                                                                                   |                2 |             12 |
|  okHI/ok1[8]                                                                                                     |                                                                                                            | okHI/core0/core0/lab4325c385c0fcaa4cd26acd21308822                                                                                      |                7 |             14 |
|  CLK_IBUF_BUFG                                                                                                   | okTriggerOutForSampling/trighold[15]_i_1_n_0                                                               | okHI/core0/core0/lfc9af733ef9b7e7ec2ccb35c062a12d3[25]                                                                                  |                7 |             16 |
|  okHI/ok1[8]                                                                                                     | okHI/core0/core0/a0/pc0/spm_enable_flop_n_0                                                                |                                                                                                                                         |                4 |             16 |
|  okHI/ok1[8]                                                                                                     | okHI/core0/core0/a0/pc0/WE                                                                                 |                                                                                                                                         |                2 |             16 |
|  okHI/ok1[8]                                                                                                     | okHI/core0/core0/a0/pc0/I3                                                                                 |                                                                                                                                         |                2 |             16 |
|  okHI/ok1[8]                                                                                                     |                                                                                                            | Logic_Analyzer/u_fifo/b_fifo/U0/inst_fifo_gen/gconvfifo.rf/grf.rf/rstblk/rd_rst_reg[2]                                                  |                4 |             17 |
|  okHI/ok1[8]                                                                                                     | okHI/core0/core0/lfc9af733ef9b7e7ec2ccb35c062a12d3[28]                                                     | okHI/core0/core0/lfc9af733ef9b7e7ec2ccb35c062a12d3[25]                                                                                  |                8 |             19 |
|  CLK_IBUF_BUFG                                                                                                   |                                                                                                            |                                                                                                                                         |                9 |             21 |
|  okHI/ok1[8]                                                                                                     | okHI/core0/core0/l4f8cd1ab062f5571ff66db47e3d281bf[19]_i_1_n_0                                             | okHI/core0/core0/a0/lc12c7095b9bc056c60880aeb6055afb1                                                                                   |                4 |             21 |
|  CLK_IBUF_BUFG                                                                                                   |                                                                                                            | okHI/core0/core0/lfc9af733ef9b7e7ec2ccb35c062a12d3[25]                                                                                  |                8 |             22 |
|  okHI/ok1[8]                                                                                                     | okHI/core0/core0/l84a7b0e1b51dfdd46f041d49e77ce017[23]_i_1_n_0                                             |                                                                                                                                         |               13 |             24 |
|  okHI/ok1[8]                                                                                                     | Logic_Analyzer/u_fifo/b_fifo/U0/inst_fifo_gen/gconvfifo.rf/grf.rf/gntv_or_sync_fifo.gl0.rd/gras.rsts/E[0]  | Logic_Analyzer/u_fifo/b_fifo/U0/inst_fifo_gen/gconvfifo.rf/grf.rf/rstblk/rd_rst_reg[2]                                                  |                6 |             30 |
|  LA_Sampiling_Clock_BUFG                                                                                         |                                                                                                            | Logic_Analyzer/u_clk_gen/counter[31]_i_1__0_n_0                                                                                         |                8 |             31 |
|  Clock_Module/MUX_8to1/Mux3Out                                                                                   |                                                                                                            | Control_Unit/LA_CU_Reset                                                                                                                |                8 |             32 |
|  LA_Sampiling_Clock_BUFG                                                                                         | Logic_Analyzer/buffer_en                                                                                   | Logic_Analyzer/u_buffer/counter[31]_i_2_n_0                                                                                             |               11 |             32 |
|  okHI/ok1[8]                                                                                                     | okHI/core0/core0/l0c94b19b36beba84283b1c1a65aa73f3[0]_i_1_n_0                                              | okHI/core0/core0/a0/lc12c7095b9bc056c60880aeb6055afb1                                                                                   |                8 |             32 |
|  LA_Sampiling_Clock_BUFG                                                                                         | Logic_Analyzer/u_fifo/b_fifo/U0/inst_fifo_gen/gconvfifo.rf/grf.rf/gntv_or_sync_fifo.gl0.wr/gwas.wsts/E[0]  | Logic_Analyzer/u_fifo/b_fifo/U0/inst_fifo_gen/gconvfifo.rf/grf.rf/rstblk/wr_rst_reg[1]                                                  |                9 |             45 |
|  okHI/ok1[8]                                                                                                     | okHI/core0/core0/a0/d0/le5e2e6110dd7478b8ed0143f21b04d30                                                   | okHI/core0/core0/lab4325c385c0fcaa4cd26acd21308822                                                                                      |               14 |             57 |
|  okHI/ok1[8]                                                                                                     |                                                                                                            | Logic_Analyzer/u_fifo/b_fifo/U0/inst_fifo_gen/gconvfifo.rf/grf.rf/rstblk/rd_rst_reg[1]                                                  |               17 |             60 |
|  LA_Sampiling_Clock_BUFG                                                                                         |                                                                                                            | Logic_Analyzer/u_fifo/b_fifo/U0/inst_fifo_gen/gconvfifo.rf/grf.rf/rstblk/wr_rst_reg[0]                                                  |               15 |             60 |
|  okHI/ok1[8]                                                                                                     |                                                                                                            |                                                                                                                                         |               63 |            152 |
+------------------------------------------------------------------------------------------------------------------+------------------------------------------------------------------------------------------------------------+-----------------------------------------------------------------------------------------------------------------------------------------+------------------+----------------+


+--------+-----------------------+
| Fanout | Number of ControlSets |
+--------+-----------------------+
| 1      |                     7 |
| 2      |                     7 |
| 3      |                     3 |
| 4      |                    15 |
| 5      |                     2 |
| 6      |                     3 |
| 7      |                     2 |
| 8      |                     6 |
| 11     |                     2 |
| 12     |                     3 |
| 14     |                     1 |
| 16+    |                    20 |
+--------+-----------------------+


