
*** Running vivado
    with args -log OK_BoardWrapper.vdi -applog -m64 -product Vivado -messageDb vivado.pb -mode batch -source OK_BoardWrapper.tcl -notrace


****** Vivado v2016.4 (64-bit)
  **** SW Build 1756540 on Mon Jan 23 19:11:23 MST 2017
  **** IP Build 1755317 on Mon Jan 23 20:30:07 MST 2017
    ** Copyright 1986-2016 Xilinx, Inc. All Rights Reserved.

source OK_BoardWrapper.tcl -notrace
Design is defaulting to srcset: sources_1
Design is defaulting to constrset: constrs_1
INFO: [Netlist 29-17] Analyzing 113 Unisim elements for replacement
INFO: [Netlist 29-28] Unisim Transformation completed in 0 CPU seconds
INFO: [Project 1-479] Netlist was created with Vivado 2016.4
INFO: [Device 21-403] Loading part xc7a15tftg256-1
INFO: [Project 1-570] Preparing netlist for logic optimization
Parsing XDC File [D:/Documents/GitHub/EECS_542_SeniorDesignProject/EECS542_OK_Board_Constraints.xdc]
WARNING: [Vivado 12-4702] SLEW is not a supported property on input port(s). Setting is ignored. [D:/Documents/GitHub/EECS_542_SeniorDesignProject/EECS542_OK_Board_Constraints.xdc:22]
WARNING: [Vivado 12-4702] SLEW is not a supported property on input port(s). Setting is ignored. [D:/Documents/GitHub/EECS_542_SeniorDesignProject/EECS542_OK_Board_Constraints.xdc:22]
WARNING: [Vivado 12-4702] SLEW is not a supported property on input port(s). Setting is ignored. [D:/Documents/GitHub/EECS_542_SeniorDesignProject/EECS542_OK_Board_Constraints.xdc:22]
WARNING: [Vivado 12-4702] SLEW is not a supported property on input port(s). Setting is ignored. [D:/Documents/GitHub/EECS_542_SeniorDesignProject/EECS542_OK_Board_Constraints.xdc:22]
WARNING: [Vivado 12-4702] SLEW is not a supported property on input port(s). Setting is ignored. [D:/Documents/GitHub/EECS_542_SeniorDesignProject/EECS542_OK_Board_Constraints.xdc:22]
WARNING: [Vivado 12-4702] SLEW is not a supported property on input port(s). Setting is ignored. [D:/Documents/GitHub/EECS_542_SeniorDesignProject/EECS542_OK_Board_Constraints.xdc:22]
WARNING: [Vivado 12-4702] SLEW is not a supported property on input port(s). Setting is ignored. [D:/Documents/GitHub/EECS_542_SeniorDesignProject/EECS542_OK_Board_Constraints.xdc:22]
WARNING: [Vivado 12-4702] SLEW is not a supported property on input port(s). Setting is ignored. [D:/Documents/GitHub/EECS_542_SeniorDesignProject/EECS542_OK_Board_Constraints.xdc:22]
WARNING: [Constraints 18-96] Setting input delay on a clock pin 'HI_In[0]' is not supported, ignoring it [D:/Documents/GitHub/EECS_542_SeniorDesignProject/EECS542_OK_Board_Constraints.xdc:57]
WARNING: [Constraints 18-96] Setting input delay on a clock pin 'HI_In[0]' is not supported, ignoring it [D:/Documents/GitHub/EECS_542_SeniorDesignProject/EECS542_OK_Board_Constraints.xdc:58]
Finished Parsing XDC File [D:/Documents/GitHub/EECS_542_SeniorDesignProject/EECS542_OK_Board_Constraints.xdc]
INFO: [Opt 31-138] Pushed 0 inverter(s) to 0 load pin(s).
INFO: [Project 1-111] Unisim Transformation Summary:
  A total of 79 instances were transformed.
  IOBUF => IOBUF (IBUF, OBUFT): 17 instances
  LUT6_2 => LUT6_2 (LUT5, LUT6): 50 instances
  RAM128X1S => RAM128X1S (MUXF7, RAMS64E, RAMS64E): 8 instances
  RAM32M => RAM32M (RAMD32, RAMD32, RAMD32, RAMD32, RAMD32, RAMD32, RAMS32, RAMS32): 4 instances

link_design: Time (s): cpu = 00:00:06 ; elapsed = 00:00:07 . Memory (MB): peak = 463.141 ; gain = 253.719
INFO: [Vivado_Tcl 4-424] Cannot write hardware definition file as there are no IPI block design hardware handoff files present
Command: opt_design
Attempting to get a license for feature 'Implementation' and/or device 'xc7a15t'
INFO: [Common 17-349] Got license for feature 'Implementation' and/or device 'xc7a15t'
Running DRC as a precondition to command opt_design

Starting DRC Task
INFO: [DRC 23-27] Running DRC with 2 threads
INFO: [Project 1-461] DRC finished with 0 Errors
INFO: [Project 1-462] Please refer to the DRC report (report_drc) for more information.

Time (s): cpu = 00:00:02 ; elapsed = 00:00:00.904 . Memory (MB): peak = 472.773 ; gain = 9.633
WARNING: [Constraints 18-96] Setting input delay on a clock pin 'HI_In[0]' is not supported, ignoring it [D:/Documents/GitHub/EECS_542_SeniorDesignProject/EECS542_OK_Board_Constraints.xdc:57]
WARNING: [Constraints 18-96] Setting input delay on a clock pin 'HI_In[0]' is not supported, ignoring it [D:/Documents/GitHub/EECS_542_SeniorDesignProject/EECS542_OK_Board_Constraints.xdc:58]
INFO: [Timing 38-35] Done setting XDC timing constraints.
INFO: [Timing 38-2] Deriving generated clocks

Starting Logic Optimization Task
Implement Debug Cores | Checksum: 1ccb13382

Phase 1 Retarget
INFO: [Opt 31-138] Pushed 0 inverter(s) to 0 load pin(s).
INFO: [Opt 31-49] Retargeted 0 cell(s).
Phase 1 Retarget | Checksum: 1ceda0f18

Time (s): cpu = 00:00:00 ; elapsed = 00:00:00.486 . Memory (MB): peak = 973.113 ; gain = 0.000

Phase 2 Constant propagation
INFO: [Opt 31-138] Pushed 0 inverter(s) to 0 load pin(s).
INFO: [Opt 31-10] Eliminated 32 cells.
Phase 2 Constant propagation | Checksum: 1ca4de654

Time (s): cpu = 00:00:00 ; elapsed = 00:00:00.782 . Memory (MB): peak = 973.113 ; gain = 0.000

Phase 3 Sweep
INFO: [Opt 31-12] Eliminated 20 unconnected nets.
INFO: [Opt 31-11] Eliminated 4 unconnected cells.
Phase 3 Sweep | Checksum: 142947c84

Time (s): cpu = 00:00:00 ; elapsed = 00:00:00.914 . Memory (MB): peak = 973.113 ; gain = 0.000

Phase 4 BUFG optimization
INFO: [Opt 31-12] Eliminated 0 unconnected nets.
INFO: [Opt 31-11] Eliminated 0 unconnected cells.
Phase 4 BUFG optimization | Checksum: 142947c84

Time (s): cpu = 00:00:00 ; elapsed = 00:00:01 . Memory (MB): peak = 973.113 ; gain = 0.000

Starting Connectivity Check Task

Time (s): cpu = 00:00:00 ; elapsed = 00:00:00.004 . Memory (MB): peak = 973.113 ; gain = 0.000
Ending Logic Optimization Task | Checksum: 142947c84

Time (s): cpu = 00:00:00 ; elapsed = 00:00:01 . Memory (MB): peak = 973.113 ; gain = 0.000

Starting Power Optimization Task
INFO: [Pwropt 34-132] Skipping clock gating for clocks with a period < 2.00 ns.
INFO: [Pwropt 34-9] Applying IDT optimizations ...
INFO: [Pwropt 34-10] Applying ODC optimizations ...
INFO: [Power 33-23] Power model is not available for a0/d0/dna0
WARNING: [Constraints 18-96] Setting input delay on a clock pin 'HI_In[0]' is not supported, ignoring it [D:/Documents/GitHub/EECS_542_SeniorDesignProject/EECS542_OK_Board_Constraints.xdc:57]
WARNING: [Constraints 18-96] Setting input delay on a clock pin 'HI_In[0]' is not supported, ignoring it [D:/Documents/GitHub/EECS_542_SeniorDesignProject/EECS542_OK_Board_Constraints.xdc:58]
INFO: [Timing 38-35] Done setting XDC timing constraints.
Running Vector-less Activity Propagation...

Finished Running Vector-less Activity Propagation


Starting PowerOpt Patch Enables Task
INFO: [Pwropt 34-162] WRITE_MODE attribute of 0 BRAM(s) out of a total of 2 has been updated to save power. Run report_power_opt to get a complete listing of the BRAMs updated.
INFO: [Pwropt 34-201] Structural ODC has moved 0 WE to EN ports
Number of BRAM Ports augmented: 1 newly gated: 0 Total Ports: 4
Number of Flops added for Enable Generation: 3

Ending PowerOpt Patch Enables Task | Checksum: 1fc9c1f0d

Time (s): cpu = 00:00:00 ; elapsed = 00:00:00.034 . Memory (MB): peak = 1116.324 ; gain = 0.000
Ending Power Optimization Task | Checksum: 1fc9c1f0d

Time (s): cpu = 00:00:02 ; elapsed = 00:00:02 . Memory (MB): peak = 1116.324 ; gain = 143.211
INFO: [Common 17-83] Releasing license: Implementation
30 Infos, 14 Warnings, 0 Critical Warnings and 0 Errors encountered.
opt_design completed successfully
opt_design: Time (s): cpu = 00:00:16 ; elapsed = 00:00:18 . Memory (MB): peak = 1116.324 ; gain = 653.184
Writing placer database...
Writing XDEF routing.
Writing XDEF routing logical nets.
Writing XDEF routing special nets.
Write XDEF Complete: Time (s): cpu = 00:00:00 ; elapsed = 00:00:00.161 . Memory (MB): peak = 1116.324 ; gain = 0.000
INFO: [Common 17-1381] The checkpoint 'D:/Documents/GitHub/EECS_542_SeniorDesignProject/Vivado_Projects/Senior_Design_For_OK/Senior_Design_For_OK.runs/impl_1/OK_BoardWrapper_opt.dcp' has been generated.
INFO: [DRC 23-27] Running DRC with 2 threads
INFO: [Coretcl 2-168] The results of DRC are in file D:/Documents/GitHub/EECS_542_SeniorDesignProject/Vivado_Projects/Senior_Design_For_OK/Senior_Design_For_OK.runs/impl_1/OK_BoardWrapper_drc_opted.rpt.
INFO: [Chipscope 16-241] No debug cores found in the current design.
Before running the implement_debug_core command, either use the Set Up Debug wizard (GUI mode)
or use the create_debug_core and connect_debug_core Tcl commands to insert debug cores into the design.
Command: place_design
Attempting to get a license for feature 'Implementation' and/or device 'xc7a15t'
INFO: [Common 17-349] Got license for feature 'Implementation' and/or device 'xc7a15t'
INFO: [DRC 23-27] Running DRC with 2 threads
INFO: [Vivado_Tcl 4-198] DRC finished with 0 Errors
INFO: [Vivado_Tcl 4-199] Please refer to the DRC report (report_drc) for more information.
Running DRC as a precondition to command place_design
INFO: [DRC 23-27] Running DRC with 2 threads
WARNING: [DRC 23-20] Rule violation (CHECK-3) Report rule limit reached - REQP-1840 rule limit reached: 20 violations have been found.
WARNING: [DRC 23-20] Rule violation (REQP-1840) RAMB18 async control check - The RAMB18E1 okHI/core0/core0/a0/cb0/U0/inst_fifo_gen/gconvfifo.rf/grf.rf/gntv_or_sync_fifo.mem/gbm.gbmg.gbmga.ngecc.bmg/inst_blk_mem_gen/gnbram.gnativebmg.native_blk_mem_gen/valid.cstr/ramloop[0].ram.r/prim_noinit.ram/DEVICE_7SERIES.NO_BMM_INFO.SDP.WIDE_PRIM18.ram has an input control pin okHI/core0/core0/a0/cb0/U0/inst_fifo_gen/gconvfifo.rf/grf.rf/gntv_or_sync_fifo.mem/gbm.gbmg.gbmga.ngecc.bmg/inst_blk_mem_gen/gnbram.gnativebmg.native_blk_mem_gen/valid.cstr/ramloop[0].ram.r/prim_noinit.ram/DEVICE_7SERIES.NO_BMM_INFO.SDP.WIDE_PRIM18.ram/ADDRARDADDR[10] (net: okHI/core0/core0/a0/cb0/U0/inst_fifo_gen/gconvfifo.rf/grf.rf/p_0_out[5]) which is driven by a register (okHI/core0/core0/a0/cb0/U0/inst_fifo_gen/gconvfifo.rf/grf.rf/gntv_or_sync_fifo.gl0.rd/rpntr/gc0.count_d1_reg[5]) that has an active asychronous set or reset. This may cause corruption of the memory contents and/or read values when the set/reset is asserted and is not analyzed by the default static timing analysis. It is suggested to eliminate the use of a set/reset to registers driving this RAMB pin or else use a synchronous reset in which the assertion of the reset is timed by default.
WARNING: [DRC 23-20] Rule violation (REQP-1840) RAMB18 async control check - The RAMB18E1 okHI/core0/core0/a0/cb0/U0/inst_fifo_gen/gconvfifo.rf/grf.rf/gntv_or_sync_fifo.mem/gbm.gbmg.gbmga.ngecc.bmg/inst_blk_mem_gen/gnbram.gnativebmg.native_blk_mem_gen/valid.cstr/ramloop[0].ram.r/prim_noinit.ram/DEVICE_7SERIES.NO_BMM_INFO.SDP.WIDE_PRIM18.ram has an input control pin okHI/core0/core0/a0/cb0/U0/inst_fifo_gen/gconvfifo.rf/grf.rf/gntv_or_sync_fifo.mem/gbm.gbmg.gbmga.ngecc.bmg/inst_blk_mem_gen/gnbram.gnativebmg.native_blk_mem_gen/valid.cstr/ramloop[0].ram.r/prim_noinit.ram/DEVICE_7SERIES.NO_BMM_INFO.SDP.WIDE_PRIM18.ram/ADDRARDADDR[5] (net: okHI/core0/core0/a0/cb0/U0/inst_fifo_gen/gconvfifo.rf/grf.rf/p_0_out[0]) which is driven by a register (okHI/core0/core0/a0/cb0/U0/inst_fifo_gen/gconvfifo.rf/grf.rf/gntv_or_sync_fifo.gl0.rd/rpntr/gc0.count_d1_reg[0]) that has an active asychronous set or reset. This may cause corruption of the memory contents and/or read values when the set/reset is asserted and is not analyzed by the default static timing analysis. It is suggested to eliminate the use of a set/reset to registers driving this RAMB pin or else use a synchronous reset in which the assertion of the reset is timed by default.
WARNING: [DRC 23-20] Rule violation (REQP-1840) RAMB18 async control check - The RAMB18E1 okHI/core0/core0/a0/cb0/U0/inst_fifo_gen/gconvfifo.rf/grf.rf/gntv_or_sync_fifo.mem/gbm.gbmg.gbmga.ngecc.bmg/inst_blk_mem_gen/gnbram.gnativebmg.native_blk_mem_gen/valid.cstr/ramloop[0].ram.r/prim_noinit.ram/DEVICE_7SERIES.NO_BMM_INFO.SDP.WIDE_PRIM18.ram has an input control pin okHI/core0/core0/a0/cb0/U0/inst_fifo_gen/gconvfifo.rf/grf.rf/gntv_or_sync_fifo.mem/gbm.gbmg.gbmga.ngecc.bmg/inst_blk_mem_gen/gnbram.gnativebmg.native_blk_mem_gen/valid.cstr/ramloop[0].ram.r/prim_noinit.ram/DEVICE_7SERIES.NO_BMM_INFO.SDP.WIDE_PRIM18.ram/ADDRARDADDR[6] (net: okHI/core0/core0/a0/cb0/U0/inst_fifo_gen/gconvfifo.rf/grf.rf/p_0_out[1]) which is driven by a register (okHI/core0/core0/a0/cb0/U0/inst_fifo_gen/gconvfifo.rf/grf.rf/gntv_or_sync_fifo.gl0.rd/rpntr/gc0.count_d1_reg[1]) that has an active asychronous set or reset. This may cause corruption of the memory contents and/or read values when the set/reset is asserted and is not analyzed by the default static timing analysis. It is suggested to eliminate the use of a set/reset to registers driving this RAMB pin or else use a synchronous reset in which the assertion of the reset is timed by default.
WARNING: [DRC 23-20] Rule violation (REQP-1840) RAMB18 async control check - The RAMB18E1 okHI/core0/core0/a0/cb0/U0/inst_fifo_gen/gconvfifo.rf/grf.rf/gntv_or_sync_fifo.mem/gbm.gbmg.gbmga.ngecc.bmg/inst_blk_mem_gen/gnbram.gnativebmg.native_blk_mem_gen/valid.cstr/ramloop[0].ram.r/prim_noinit.ram/DEVICE_7SERIES.NO_BMM_INFO.SDP.WIDE_PRIM18.ram has an input control pin okHI/core0/core0/a0/cb0/U0/inst_fifo_gen/gconvfifo.rf/grf.rf/gntv_or_sync_fifo.mem/gbm.gbmg.gbmga.ngecc.bmg/inst_blk_mem_gen/gnbram.gnativebmg.native_blk_mem_gen/valid.cstr/ramloop[0].ram.r/prim_noinit.ram/DEVICE_7SERIES.NO_BMM_INFO.SDP.WIDE_PRIM18.ram/ADDRARDADDR[7] (net: okHI/core0/core0/a0/cb0/U0/inst_fifo_gen/gconvfifo.rf/grf.rf/p_0_out[2]) which is driven by a register (okHI/core0/core0/a0/cb0/U0/inst_fifo_gen/gconvfifo.rf/grf.rf/gntv_or_sync_fifo.gl0.rd/rpntr/gc0.count_d1_reg[2]) that has an active asychronous set or reset. This may cause corruption of the memory contents and/or read values when the set/reset is asserted and is not analyzed by the default static timing analysis. It is suggested to eliminate the use of a set/reset to registers driving this RAMB pin or else use a synchronous reset in which the assertion of the reset is timed by default.
WARNING: [DRC 23-20] Rule violation (REQP-1840) RAMB18 async control check - The RAMB18E1 okHI/core0/core0/a0/cb0/U0/inst_fifo_gen/gconvfifo.rf/grf.rf/gntv_or_sync_fifo.mem/gbm.gbmg.gbmga.ngecc.bmg/inst_blk_mem_gen/gnbram.gnativebmg.native_blk_mem_gen/valid.cstr/ramloop[0].ram.r/prim_noinit.ram/DEVICE_7SERIES.NO_BMM_INFO.SDP.WIDE_PRIM18.ram has an input control pin okHI/core0/core0/a0/cb0/U0/inst_fifo_gen/gconvfifo.rf/grf.rf/gntv_or_sync_fifo.mem/gbm.gbmg.gbmga.ngecc.bmg/inst_blk_mem_gen/gnbram.gnativebmg.native_blk_mem_gen/valid.cstr/ramloop[0].ram.r/prim_noinit.ram/DEVICE_7SERIES.NO_BMM_INFO.SDP.WIDE_PRIM18.ram/ADDRARDADDR[8] (net: okHI/core0/core0/a0/cb0/U0/inst_fifo_gen/gconvfifo.rf/grf.rf/p_0_out[3]) which is driven by a register (okHI/core0/core0/a0/cb0/U0/inst_fifo_gen/gconvfifo.rf/grf.rf/gntv_or_sync_fifo.gl0.rd/rpntr/gc0.count_d1_reg[3]) that has an active asychronous set or reset. This may cause corruption of the memory contents and/or read values when the set/reset is asserted and is not analyzed by the default static timing analysis. It is suggested to eliminate the use of a set/reset to registers driving this RAMB pin or else use a synchronous reset in which the assertion of the reset is timed by default.
WARNING: [DRC 23-20] Rule violation (REQP-1840) RAMB18 async control check - The RAMB18E1 okHI/core0/core0/a0/cb0/U0/inst_fifo_gen/gconvfifo.rf/grf.rf/gntv_or_sync_fifo.mem/gbm.gbmg.gbmga.ngecc.bmg/inst_blk_mem_gen/gnbram.gnativebmg.native_blk_mem_gen/valid.cstr/ramloop[0].ram.r/prim_noinit.ram/DEVICE_7SERIES.NO_BMM_INFO.SDP.WIDE_PRIM18.ram has an input control pin okHI/core0/core0/a0/cb0/U0/inst_fifo_gen/gconvfifo.rf/grf.rf/gntv_or_sync_fifo.mem/gbm.gbmg.gbmga.ngecc.bmg/inst_blk_mem_gen/gnbram.gnativebmg.native_blk_mem_gen/valid.cstr/ramloop[0].ram.r/prim_noinit.ram/DEVICE_7SERIES.NO_BMM_INFO.SDP.WIDE_PRIM18.ram/ADDRARDADDR[9] (net: okHI/core0/core0/a0/cb0/U0/inst_fifo_gen/gconvfifo.rf/grf.rf/p_0_out[4]) which is driven by a register (okHI/core0/core0/a0/cb0/U0/inst_fifo_gen/gconvfifo.rf/grf.rf/gntv_or_sync_fifo.gl0.rd/rpntr/gc0.count_d1_reg[4]) that has an active asychronous set or reset. This may cause corruption of the memory contents and/or read values when the set/reset is asserted and is not analyzed by the default static timing analysis. It is suggested to eliminate the use of a set/reset to registers driving this RAMB pin or else use a synchronous reset in which the assertion of the reset is timed by default.
WARNING: [DRC 23-20] Rule violation (REQP-1840) RAMB18 async control check - The RAMB18E1 okHI/core0/core0/a0/cb0/U0/inst_fifo_gen/gconvfifo.rf/grf.rf/gntv_or_sync_fifo.mem/gbm.gbmg.gbmga.ngecc.bmg/inst_blk_mem_gen/gnbram.gnativebmg.native_blk_mem_gen/valid.cstr/ramloop[0].ram.r/prim_noinit.ram/DEVICE_7SERIES.NO_BMM_INFO.SDP.WIDE_PRIM18.ram has an input control pin okHI/core0/core0/a0/cb0/U0/inst_fifo_gen/gconvfifo.rf/grf.rf/gntv_or_sync_fifo.mem/gbm.gbmg.gbmga.ngecc.bmg/inst_blk_mem_gen/gnbram.gnativebmg.native_blk_mem_gen/valid.cstr/ramloop[0].ram.r/prim_noinit.ram/DEVICE_7SERIES.NO_BMM_INFO.SDP.WIDE_PRIM18.ram/ADDRBWRADDR[10] (net: okHI/core0/core0/a0/cb0/U0/inst_fifo_gen/gconvfifo.rf/grf.rf/p_11_out[5]) which is driven by a register (okHI/core0/core0/a0/cb0/U0/inst_fifo_gen/gconvfifo.rf/grf.rf/gntv_or_sync_fifo.gl0.wr/wpntr/gcc0.gc0.count_d1_reg[5]) that has an active asychronous set or reset. This may cause corruption of the memory contents and/or read values when the set/reset is asserted and is not analyzed by the default static timing analysis. It is suggested to eliminate the use of a set/reset to registers driving this RAMB pin or else use a synchronous reset in which the assertion of the reset is timed by default.
WARNING: [DRC 23-20] Rule violation (REQP-1840) RAMB18 async control check - The RAMB18E1 okHI/core0/core0/a0/cb0/U0/inst_fifo_gen/gconvfifo.rf/grf.rf/gntv_or_sync_fifo.mem/gbm.gbmg.gbmga.ngecc.bmg/inst_blk_mem_gen/gnbram.gnativebmg.native_blk_mem_gen/valid.cstr/ramloop[0].ram.r/prim_noinit.ram/DEVICE_7SERIES.NO_BMM_INFO.SDP.WIDE_PRIM18.ram has an input control pin okHI/core0/core0/a0/cb0/U0/inst_fifo_gen/gconvfifo.rf/grf.rf/gntv_or_sync_fifo.mem/gbm.gbmg.gbmga.ngecc.bmg/inst_blk_mem_gen/gnbram.gnativebmg.native_blk_mem_gen/valid.cstr/ramloop[0].ram.r/prim_noinit.ram/DEVICE_7SERIES.NO_BMM_INFO.SDP.WIDE_PRIM18.ram/ADDRBWRADDR[5] (net: okHI/core0/core0/a0/cb0/U0/inst_fifo_gen/gconvfifo.rf/grf.rf/p_11_out[0]) which is driven by a register (okHI/core0/core0/a0/cb0/U0/inst_fifo_gen/gconvfifo.rf/grf.rf/gntv_or_sync_fifo.gl0.wr/wpntr/gcc0.gc0.count_d1_reg[0]) that has an active asychronous set or reset. This may cause corruption of the memory contents and/or read values when the set/reset is asserted and is not analyzed by the default static timing analysis. It is suggested to eliminate the use of a set/reset to registers driving this RAMB pin or else use a synchronous reset in which the assertion of the reset is timed by default.
WARNING: [DRC 23-20] Rule violation (REQP-1840) RAMB18 async control check - The RAMB18E1 okHI/core0/core0/a0/cb0/U0/inst_fifo_gen/gconvfifo.rf/grf.rf/gntv_or_sync_fifo.mem/gbm.gbmg.gbmga.ngecc.bmg/inst_blk_mem_gen/gnbram.gnativebmg.native_blk_mem_gen/valid.cstr/ramloop[0].ram.r/prim_noinit.ram/DEVICE_7SERIES.NO_BMM_INFO.SDP.WIDE_PRIM18.ram has an input control pin okHI/core0/core0/a0/cb0/U0/inst_fifo_gen/gconvfifo.rf/grf.rf/gntv_or_sync_fifo.mem/gbm.gbmg.gbmga.ngecc.bmg/inst_blk_mem_gen/gnbram.gnativebmg.native_blk_mem_gen/valid.cstr/ramloop[0].ram.r/prim_noinit.ram/DEVICE_7SERIES.NO_BMM_INFO.SDP.WIDE_PRIM18.ram/ADDRBWRADDR[6] (net: okHI/core0/core0/a0/cb0/U0/inst_fifo_gen/gconvfifo.rf/grf.rf/p_11_out[1]) which is driven by a register (okHI/core0/core0/a0/cb0/U0/inst_fifo_gen/gconvfifo.rf/grf.rf/gntv_or_sync_fifo.gl0.wr/wpntr/gcc0.gc0.count_d1_reg[1]) that has an active asychronous set or reset. This may cause corruption of the memory contents and/or read values when the set/reset is asserted and is not analyzed by the default static timing analysis. It is suggested to eliminate the use of a set/reset to registers driving this RAMB pin or else use a synchronous reset in which the assertion of the reset is timed by default.
WARNING: [DRC 23-20] Rule violation (REQP-1840) RAMB18 async control check - The RAMB18E1 okHI/core0/core0/a0/cb0/U0/inst_fifo_gen/gconvfifo.rf/grf.rf/gntv_or_sync_fifo.mem/gbm.gbmg.gbmga.ngecc.bmg/inst_blk_mem_gen/gnbram.gnativebmg.native_blk_mem_gen/valid.cstr/ramloop[0].ram.r/prim_noinit.ram/DEVICE_7SERIES.NO_BMM_INFO.SDP.WIDE_PRIM18.ram has an input control pin okHI/core0/core0/a0/cb0/U0/inst_fifo_gen/gconvfifo.rf/grf.rf/gntv_or_sync_fifo.mem/gbm.gbmg.gbmga.ngecc.bmg/inst_blk_mem_gen/gnbram.gnativebmg.native_blk_mem_gen/valid.cstr/ramloop[0].ram.r/prim_noinit.ram/DEVICE_7SERIES.NO_BMM_INFO.SDP.WIDE_PRIM18.ram/ADDRBWRADDR[7] (net: okHI/core0/core0/a0/cb0/U0/inst_fifo_gen/gconvfifo.rf/grf.rf/p_11_out[2]) which is driven by a register (okHI/core0/core0/a0/cb0/U0/inst_fifo_gen/gconvfifo.rf/grf.rf/gntv_or_sync_fifo.gl0.wr/wpntr/gcc0.gc0.count_d1_reg[2]) that has an active asychronous set or reset. This may cause corruption of the memory contents and/or read values when the set/reset is asserted and is not analyzed by the default static timing analysis. It is suggested to eliminate the use of a set/reset to registers driving this RAMB pin or else use a synchronous reset in which the assertion of the reset is timed by default.
WARNING: [DRC 23-20] Rule violation (REQP-1840) RAMB18 async control check - The RAMB18E1 okHI/core0/core0/a0/cb0/U0/inst_fifo_gen/gconvfifo.rf/grf.rf/gntv_or_sync_fifo.mem/gbm.gbmg.gbmga.ngecc.bmg/inst_blk_mem_gen/gnbram.gnativebmg.native_blk_mem_gen/valid.cstr/ramloop[0].ram.r/prim_noinit.ram/DEVICE_7SERIES.NO_BMM_INFO.SDP.WIDE_PRIM18.ram has an input control pin okHI/core0/core0/a0/cb0/U0/inst_fifo_gen/gconvfifo.rf/grf.rf/gntv_or_sync_fifo.mem/gbm.gbmg.gbmga.ngecc.bmg/inst_blk_mem_gen/gnbram.gnativebmg.native_blk_mem_gen/valid.cstr/ramloop[0].ram.r/prim_noinit.ram/DEVICE_7SERIES.NO_BMM_INFO.SDP.WIDE_PRIM18.ram/ADDRBWRADDR[8] (net: okHI/core0/core0/a0/cb0/U0/inst_fifo_gen/gconvfifo.rf/grf.rf/p_11_out[3]) which is driven by a register (okHI/core0/core0/a0/cb0/U0/inst_fifo_gen/gconvfifo.rf/grf.rf/gntv_or_sync_fifo.gl0.wr/wpntr/gcc0.gc0.count_d1_reg[3]) that has an active asychronous set or reset. This may cause corruption of the memory contents and/or read values when the set/reset is asserted and is not analyzed by the default static timing analysis. It is suggested to eliminate the use of a set/reset to registers driving this RAMB pin or else use a synchronous reset in which the assertion of the reset is timed by default.
WARNING: [DRC 23-20] Rule violation (REQP-1840) RAMB18 async control check - The RAMB18E1 okHI/core0/core0/a0/cb0/U0/inst_fifo_gen/gconvfifo.rf/grf.rf/gntv_or_sync_fifo.mem/gbm.gbmg.gbmga.ngecc.bmg/inst_blk_mem_gen/gnbram.gnativebmg.native_blk_mem_gen/valid.cstr/ramloop[0].ram.r/prim_noinit.ram/DEVICE_7SERIES.NO_BMM_INFO.SDP.WIDE_PRIM18.ram has an input control pin okHI/core0/core0/a0/cb0/U0/inst_fifo_gen/gconvfifo.rf/grf.rf/gntv_or_sync_fifo.mem/gbm.gbmg.gbmga.ngecc.bmg/inst_blk_mem_gen/gnbram.gnativebmg.native_blk_mem_gen/valid.cstr/ramloop[0].ram.r/prim_noinit.ram/DEVICE_7SERIES.NO_BMM_INFO.SDP.WIDE_PRIM18.ram/ADDRBWRADDR[9] (net: okHI/core0/core0/a0/cb0/U0/inst_fifo_gen/gconvfifo.rf/grf.rf/p_11_out[4]) which is driven by a register (okHI/core0/core0/a0/cb0/U0/inst_fifo_gen/gconvfifo.rf/grf.rf/gntv_or_sync_fifo.gl0.wr/wpntr/gcc0.gc0.count_d1_reg[4]) that has an active asychronous set or reset. This may cause corruption of the memory contents and/or read values when the set/reset is asserted and is not analyzed by the default static timing analysis. It is suggested to eliminate the use of a set/reset to registers driving this RAMB pin or else use a synchronous reset in which the assertion of the reset is timed by default.
WARNING: [DRC 23-20] Rule violation (REQP-1840) RAMB18 async control check - The RAMB18E1 okHI/core0/core0/a0/cb0/U0/inst_fifo_gen/gconvfifo.rf/grf.rf/gntv_or_sync_fifo.mem/gbm.gbmg.gbmga.ngecc.bmg/inst_blk_mem_gen/gnbram.gnativebmg.native_blk_mem_gen/valid.cstr/ramloop[0].ram.r/prim_noinit.ram/DEVICE_7SERIES.NO_BMM_INFO.SDP.WIDE_PRIM18.ram has an input control pin okHI/core0/core0/a0/cb0/U0/inst_fifo_gen/gconvfifo.rf/grf.rf/gntv_or_sync_fifo.mem/gbm.gbmg.gbmga.ngecc.bmg/inst_blk_mem_gen/gnbram.gnativebmg.native_blk_mem_gen/valid.cstr/ramloop[0].ram.r/prim_noinit.ram/DEVICE_7SERIES.NO_BMM_INFO.SDP.WIDE_PRIM18.ram/ENARDEN (net: okHI/core0/core0/a0/cb0/U0/inst_fifo_gen/gconvfifo.rf/grf.rf/gntv_or_sync_fifo.mem/tmp_ram_rd_en) which is driven by a register (okHI/core0/core0/a0/cb0/U0/inst_fifo_gen/gconvfifo.rf/grf.rf/gntv_or_sync_fifo.gl0.rd/grss.rsts/ram_empty_fb_i_reg) that has an active asychronous set or reset. This may cause corruption of the memory contents and/or read values when the set/reset is asserted and is not analyzed by the default static timing analysis. It is suggested to eliminate the use of a set/reset to registers driving this RAMB pin or else use a synchronous reset in which the assertion of the reset is timed by default.
WARNING: [DRC 23-20] Rule violation (REQP-1840) RAMB18 async control check - The RAMB18E1 okHI/core0/core0/a0/cb0/U0/inst_fifo_gen/gconvfifo.rf/grf.rf/gntv_or_sync_fifo.mem/gbm.gbmg.gbmga.ngecc.bmg/inst_blk_mem_gen/gnbram.gnativebmg.native_blk_mem_gen/valid.cstr/ramloop[0].ram.r/prim_noinit.ram/DEVICE_7SERIES.NO_BMM_INFO.SDP.WIDE_PRIM18.ram has an input control pin okHI/core0/core0/a0/cb0/U0/inst_fifo_gen/gconvfifo.rf/grf.rf/gntv_or_sync_fifo.mem/gbm.gbmg.gbmga.ngecc.bmg/inst_blk_mem_gen/gnbram.gnativebmg.native_blk_mem_gen/valid.cstr/ramloop[0].ram.r/prim_noinit.ram/DEVICE_7SERIES.NO_BMM_INFO.SDP.WIDE_PRIM18.ram/ENARDEN (net: okHI/core0/core0/a0/cb0/U0/inst_fifo_gen/gconvfifo.rf/grf.rf/gntv_or_sync_fifo.mem/tmp_ram_rd_en) which is driven by a register (okHI/core0/core0/a0/cb0/U0/inst_fifo_gen/gconvfifo.rf/grf.rf/rstblk/ngwrdrst.grst.g7serrst.rd_rst_reg_reg[0]) that has an active asychronous set or reset. This may cause corruption of the memory contents and/or read values when the set/reset is asserted and is not analyzed by the default static timing analysis. It is suggested to eliminate the use of a set/reset to registers driving this RAMB pin or else use a synchronous reset in which the assertion of the reset is timed by default.
WARNING: [DRC 23-20] Rule violation (REQP-1840) RAMB18 async control check - The RAMB18E1 okHI/core0/core0/a0/cb0/U0/inst_fifo_gen/gconvfifo.rf/grf.rf/gntv_or_sync_fifo.mem/gbm.gbmg.gbmga.ngecc.bmg/inst_blk_mem_gen/gnbram.gnativebmg.native_blk_mem_gen/valid.cstr/ramloop[0].ram.r/prim_noinit.ram/DEVICE_7SERIES.NO_BMM_INFO.SDP.WIDE_PRIM18.ram has an input control pin okHI/core0/core0/a0/cb0/U0/inst_fifo_gen/gconvfifo.rf/grf.rf/gntv_or_sync_fifo.mem/gbm.gbmg.gbmga.ngecc.bmg/inst_blk_mem_gen/gnbram.gnativebmg.native_blk_mem_gen/valid.cstr/ramloop[0].ram.r/prim_noinit.ram/DEVICE_7SERIES.NO_BMM_INFO.SDP.WIDE_PRIM18.ram/ENBWREN (net: okHI/core0/core0/a0/cb0/U0/inst_fifo_gen/gconvfifo.rf/grf.rf/gntv_or_sync_fifo.gl0.wr/ram_wr_en_into_logic) which is driven by a register (okHI/core0/core0/a0/cb0/U0/inst_fifo_gen/gconvfifo.rf/grf.rf/gntv_or_sync_fifo.gl0.wr/gwss.wsts/ram_full_fb_i_reg) that has an active asychronous set or reset. This may cause corruption of the memory contents and/or read values when the set/reset is asserted and is not analyzed by the default static timing analysis. It is suggested to eliminate the use of a set/reset to registers driving this RAMB pin or else use a synchronous reset in which the assertion of the reset is timed by default.
WARNING: [DRC 23-20] Rule violation (REQP-1840) RAMB18 async control check - The RAMB18E1 okHI/core0/core0/a0/cb0/U0/inst_fifo_gen/gconvfifo.rf/grf.rf/gntv_or_sync_fifo.mem/gbm.gbmg.gbmga.ngecc.bmg/inst_blk_mem_gen/gnbram.gnativebmg.native_blk_mem_gen/valid.cstr/ramloop[0].ram.r/prim_noinit.ram/DEVICE_7SERIES.NO_BMM_INFO.SDP.WIDE_PRIM18.ram has an input control pin okHI/core0/core0/a0/cb0/U0/inst_fifo_gen/gconvfifo.rf/grf.rf/gntv_or_sync_fifo.mem/gbm.gbmg.gbmga.ngecc.bmg/inst_blk_mem_gen/gnbram.gnativebmg.native_blk_mem_gen/valid.cstr/ramloop[0].ram.r/prim_noinit.ram/DEVICE_7SERIES.NO_BMM_INFO.SDP.WIDE_PRIM18.ram/RSTRAMARSTRAM (net: okHI/core0/core0/a0/cb0/U0/inst_fifo_gen/gconvfifo.rf/grf.rf/rd_rst_i) which is driven by a register (okHI/core0/core0/a0/cb0/U0/inst_fifo_gen/gconvfifo.rf/grf.rf/rstblk/ngwrdrst.grst.g7serrst.rd_rst_reg_reg[0]) that has an active asychronous set or reset. This may cause corruption of the memory contents and/or read values when the set/reset is asserted and is not analyzed by the default static timing analysis. It is suggested to eliminate the use of a set/reset to registers driving this RAMB pin or else use a synchronous reset in which the assertion of the reset is timed by default.
WARNING: [DRC 23-20] Rule violation (REQP-1840) RAMB18 async control check - The RAMB18E1 okHI/core0/core0/a0/cb0/U0/inst_fifo_gen/gconvfifo.rf/grf.rf/gntv_or_sync_fifo.mem/gbm.gbmg.gbmga.ngecc.bmg/inst_blk_mem_gen/gnbram.gnativebmg.native_blk_mem_gen/valid.cstr/ramloop[0].ram.r/prim_noinit.ram/DEVICE_7SERIES.NO_BMM_INFO.SDP.WIDE_PRIM18.ram has an input control pin okHI/core0/core0/a0/cb0/U0/inst_fifo_gen/gconvfifo.rf/grf.rf/gntv_or_sync_fifo.mem/gbm.gbmg.gbmga.ngecc.bmg/inst_blk_mem_gen/gnbram.gnativebmg.native_blk_mem_gen/valid.cstr/ramloop[0].ram.r/prim_noinit.ram/DEVICE_7SERIES.NO_BMM_INFO.SDP.WIDE_PRIM18.ram/WEBWE[0] (net: okHI/core0/core0/a0/cb0/U0/inst_fifo_gen/gconvfifo.rf/grf.rf/gntv_or_sync_fifo.gl0.wr/ram_wr_en_into_logic) which is driven by a register (okHI/core0/core0/a0/cb0/U0/inst_fifo_gen/gconvfifo.rf/grf.rf/gntv_or_sync_fifo.gl0.wr/gwss.wsts/ram_full_fb_i_reg) that has an active asychronous set or reset. This may cause corruption of the memory contents and/or read values when the set/reset is asserted and is not analyzed by the default static timing analysis. It is suggested to eliminate the use of a set/reset to registers driving this RAMB pin or else use a synchronous reset in which the assertion of the reset is timed by default.
WARNING: [DRC 23-20] Rule violation (REQP-1840) RAMB18 async control check - The RAMB18E1 okHI/core0/core0/a0/cb0/U0/inst_fifo_gen/gconvfifo.rf/grf.rf/gntv_or_sync_fifo.mem/gbm.gbmg.gbmga.ngecc.bmg/inst_blk_mem_gen/gnbram.gnativebmg.native_blk_mem_gen/valid.cstr/ramloop[0].ram.r/prim_noinit.ram/DEVICE_7SERIES.NO_BMM_INFO.SDP.WIDE_PRIM18.ram has an input control pin okHI/core0/core0/a0/cb0/U0/inst_fifo_gen/gconvfifo.rf/grf.rf/gntv_or_sync_fifo.mem/gbm.gbmg.gbmga.ngecc.bmg/inst_blk_mem_gen/gnbram.gnativebmg.native_blk_mem_gen/valid.cstr/ramloop[0].ram.r/prim_noinit.ram/DEVICE_7SERIES.NO_BMM_INFO.SDP.WIDE_PRIM18.ram/WEBWE[1] (net: okHI/core0/core0/a0/cb0/U0/inst_fifo_gen/gconvfifo.rf/grf.rf/gntv_or_sync_fifo.gl0.wr/ram_wr_en_into_logic) which is driven by a register (okHI/core0/core0/a0/cb0/U0/inst_fifo_gen/gconvfifo.rf/grf.rf/gntv_or_sync_fifo.gl0.wr/gwss.wsts/ram_full_fb_i_reg) that has an active asychronous set or reset. This may cause corruption of the memory contents and/or read values when the set/reset is asserted and is not analyzed by the default static timing analysis. It is suggested to eliminate the use of a set/reset to registers driving this RAMB pin or else use a synchronous reset in which the assertion of the reset is timed by default.
WARNING: [DRC 23-20] Rule violation (REQP-1840) RAMB18 async control check - The RAMB18E1 okHI/core0/core0/a0/cb0/U0/inst_fifo_gen/gconvfifo.rf/grf.rf/gntv_or_sync_fifo.mem/gbm.gbmg.gbmga.ngecc.bmg/inst_blk_mem_gen/gnbram.gnativebmg.native_blk_mem_gen/valid.cstr/ramloop[0].ram.r/prim_noinit.ram/DEVICE_7SERIES.NO_BMM_INFO.SDP.WIDE_PRIM18.ram has an input control pin okHI/core0/core0/a0/cb0/U0/inst_fifo_gen/gconvfifo.rf/grf.rf/gntv_or_sync_fifo.mem/gbm.gbmg.gbmga.ngecc.bmg/inst_blk_mem_gen/gnbram.gnativebmg.native_blk_mem_gen/valid.cstr/ramloop[0].ram.r/prim_noinit.ram/DEVICE_7SERIES.NO_BMM_INFO.SDP.WIDE_PRIM18.ram/WEBWE[2] (net: okHI/core0/core0/a0/cb0/U0/inst_fifo_gen/gconvfifo.rf/grf.rf/gntv_or_sync_fifo.gl0.wr/ram_wr_en_into_logic) which is driven by a register (okHI/core0/core0/a0/cb0/U0/inst_fifo_gen/gconvfifo.rf/grf.rf/gntv_or_sync_fifo.gl0.wr/gwss.wsts/ram_full_fb_i_reg) that has an active asychronous set or reset. This may cause corruption of the memory contents and/or read values when the set/reset is asserted and is not analyzed by the default static timing analysis. It is suggested to eliminate the use of a set/reset to registers driving this RAMB pin or else use a synchronous reset in which the assertion of the reset is timed by default.
WARNING: [DRC 23-20] Rule violation (REQP-1840) RAMB18 async control check - The RAMB18E1 okHI/core0/core0/a0/cb0/U0/inst_fifo_gen/gconvfifo.rf/grf.rf/gntv_or_sync_fifo.mem/gbm.gbmg.gbmga.ngecc.bmg/inst_blk_mem_gen/gnbram.gnativebmg.native_blk_mem_gen/valid.cstr/ramloop[0].ram.r/prim_noinit.ram/DEVICE_7SERIES.NO_BMM_INFO.SDP.WIDE_PRIM18.ram has an input control pin okHI/core0/core0/a0/cb0/U0/inst_fifo_gen/gconvfifo.rf/grf.rf/gntv_or_sync_fifo.mem/gbm.gbmg.gbmga.ngecc.bmg/inst_blk_mem_gen/gnbram.gnativebmg.native_blk_mem_gen/valid.cstr/ramloop[0].ram.r/prim_noinit.ram/DEVICE_7SERIES.NO_BMM_INFO.SDP.WIDE_PRIM18.ram/WEBWE[3] (net: okHI/core0/core0/a0/cb0/U0/inst_fifo_gen/gconvfifo.rf/grf.rf/gntv_or_sync_fifo.gl0.wr/ram_wr_en_into_logic) which is driven by a register (okHI/core0/core0/a0/cb0/U0/inst_fifo_gen/gconvfifo.rf/grf.rf/gntv_or_sync_fifo.gl0.wr/gwss.wsts/ram_full_fb_i_reg) that has an active asychronous set or reset. This may cause corruption of the memory contents and/or read values when the set/reset is asserted and is not analyzed by the default static timing analysis. It is suggested to eliminate the use of a set/reset to registers driving this RAMB pin or else use a synchronous reset in which the assertion of the reset is timed by default.
INFO: [Vivado_Tcl 4-198] DRC finished with 0 Errors, 21 Warnings
INFO: [Vivado_Tcl 4-199] Please refer to the DRC report (report_drc) for more information.

Starting Placer Task
INFO: [Place 30-611] Multithreading enabled for place_design using a maximum of 2 CPUs

Phase 1 Placer Initialization
Netlist sorting complete. Time (s): cpu = 00:00:00 ; elapsed = 00:00:00.009 . Memory (MB): peak = 1116.324 ; gain = 0.000
WARNING: [Constraints 18-96] Setting input delay on a clock pin 'HI_In[0]' is not supported, ignoring it [D:/Documents/GitHub/EECS_542_SeniorDesignProject/EECS542_OK_Board_Constraints.xdc:57]
WARNING: [Constraints 18-96] Setting input delay on a clock pin 'HI_In[0]' is not supported, ignoring it [D:/Documents/GitHub/EECS_542_SeniorDesignProject/EECS542_OK_Board_Constraints.xdc:58]
INFO: [Timing 38-35] Done setting XDC timing constraints.
INFO: [Opt 31-138] Pushed 0 inverter(s) to 0 load pin(s).
Netlist sorting complete. Time (s): cpu = 00:00:00 ; elapsed = 00:00:00.001 . Memory (MB): peak = 1116.324 ; gain = 0.000

Phase 1.1 IO Placement/ Clock Placement/ Build Placer Device
WARNING: [Place 30-87] Partially locked IO Bus is found. Following components of the IO Bus LED are not locked:  'LED[15]'  'LED[14]'  'LED[13]'  'LED[12]'  'LED[11]'  'LED[10]'  'LED[9]'  'LED[8]' 
WARNING: [Constraints 18-96] Setting input delay on a clock pin 'HI_In[0]' is not supported, ignoring it [D:/Documents/GitHub/EECS_542_SeniorDesignProject/EECS542_OK_Board_Constraints.xdc:57]
WARNING: [Constraints 18-96] Setting input delay on a clock pin 'HI_In[0]' is not supported, ignoring it [D:/Documents/GitHub/EECS_542_SeniorDesignProject/EECS542_OK_Board_Constraints.xdc:58]
INFO: [Timing 38-35] Done setting XDC timing constraints.
Phase 1.1 IO Placement/ Clock Placement/ Build Placer Device | Checksum: 131663eb9

Time (s): cpu = 00:00:01 ; elapsed = 00:00:02 . Memory (MB): peak = 1116.324 ; gain = 0.000

Phase 1.2 Build Placer Netlist Model
Phase 1.2 Build Placer Netlist Model | Checksum: 1ed2e1a73

Time (s): cpu = 00:00:02 ; elapsed = 00:00:04 . Memory (MB): peak = 1116.324 ; gain = 0.000

Phase 1.3 Constrain Clocks/Macros
Phase 1.3 Constrain Clocks/Macros | Checksum: 1ed2e1a73

Time (s): cpu = 00:00:02 ; elapsed = 00:00:04 . Memory (MB): peak = 1116.324 ; gain = 0.000
Phase 1 Placer Initialization | Checksum: 1ed2e1a73

Time (s): cpu = 00:00:02 ; elapsed = 00:00:04 . Memory (MB): peak = 1116.324 ; gain = 0.000

Phase 2 Global Placement
Phase 2 Global Placement | Checksum: f95d98d4

Time (s): cpu = 00:00:05 ; elapsed = 00:00:05 . Memory (MB): peak = 1116.324 ; gain = 0.000

Phase 3 Detail Placement

Phase 3.1 Commit Multi Column Macros
Phase 3.1 Commit Multi Column Macros | Checksum: f95d98d4

Time (s): cpu = 00:00:05 ; elapsed = 00:00:06 . Memory (MB): peak = 1116.324 ; gain = 0.000

Phase 3.2 Commit Most Macros & LUTRAMs
Phase 3.2 Commit Most Macros & LUTRAMs | Checksum: 18e90a54e

Time (s): cpu = 00:00:06 ; elapsed = 00:00:06 . Memory (MB): peak = 1116.324 ; gain = 0.000

Phase 3.3 Area Swap Optimization
Phase 3.3 Area Swap Optimization | Checksum: feb54a33

Time (s): cpu = 00:00:06 ; elapsed = 00:00:06 . Memory (MB): peak = 1116.324 ; gain = 0.000

Phase 3.4 Pipeline Register Optimization
Phase 3.4 Pipeline Register Optimization | Checksum: feb54a33

Time (s): cpu = 00:00:06 ; elapsed = 00:00:06 . Memory (MB): peak = 1116.324 ; gain = 0.000

Phase 3.5 Timing Path Optimizer
Phase 3.5 Timing Path Optimizer | Checksum: 12511679b

Time (s): cpu = 00:00:06 ; elapsed = 00:00:06 . Memory (MB): peak = 1116.324 ; gain = 0.000

Phase 3.6 Small Shape Detail Placement
Phase 3.6 Small Shape Detail Placement | Checksum: 2868d78de

Time (s): cpu = 00:00:06 ; elapsed = 00:00:07 . Memory (MB): peak = 1116.324 ; gain = 0.000

Phase 3.7 Re-assign LUT pins
Phase 3.7 Re-assign LUT pins | Checksum: 254d4d505

Time (s): cpu = 00:00:07 ; elapsed = 00:00:07 . Memory (MB): peak = 1116.324 ; gain = 0.000

Phase 3.8 Pipeline Register Optimization
Phase 3.8 Pipeline Register Optimization | Checksum: 254d4d505

Time (s): cpu = 00:00:07 ; elapsed = 00:00:07 . Memory (MB): peak = 1116.324 ; gain = 0.000
Phase 3 Detail Placement | Checksum: 254d4d505

Time (s): cpu = 00:00:07 ; elapsed = 00:00:07 . Memory (MB): peak = 1116.324 ; gain = 0.000

Phase 4 Post Placement Optimization and Clean-Up

Phase 4.1 Post Commit Optimization
WARNING: [Constraints 18-96] Setting input delay on a clock pin 'HI_In[0]' is not supported, ignoring it [D:/Documents/GitHub/EECS_542_SeniorDesignProject/EECS542_OK_Board_Constraints.xdc:57]
WARNING: [Constraints 18-96] Setting input delay on a clock pin 'HI_In[0]' is not supported, ignoring it [D:/Documents/GitHub/EECS_542_SeniorDesignProject/EECS542_OK_Board_Constraints.xdc:58]
INFO: [Timing 38-35] Done setting XDC timing constraints.

Phase 4.1.1 Post Placement Optimization
INFO: [Place 30-746] Post Placement Timing Summary WNS=6.746. For the most accurate timing information please run report_timing.
Phase 4.1.1 Post Placement Optimization | Checksum: 11c56902a

Time (s): cpu = 00:00:07 ; elapsed = 00:00:07 . Memory (MB): peak = 1116.324 ; gain = 0.000
Phase 4.1 Post Commit Optimization | Checksum: 11c56902a

Time (s): cpu = 00:00:07 ; elapsed = 00:00:07 . Memory (MB): peak = 1116.324 ; gain = 0.000

Phase 4.2 Post Placement Cleanup
Phase 4.2 Post Placement Cleanup | Checksum: 11c56902a

Time (s): cpu = 00:00:07 ; elapsed = 00:00:07 . Memory (MB): peak = 1116.324 ; gain = 0.000

Phase 4.3 Placer Reporting
Phase 4.3 Placer Reporting | Checksum: 11c56902a

Time (s): cpu = 00:00:07 ; elapsed = 00:00:07 . Memory (MB): peak = 1116.324 ; gain = 0.000

Phase 4.4 Final Placement Cleanup
Phase 4.4 Final Placement Cleanup | Checksum: 18129f694

Time (s): cpu = 00:00:07 ; elapsed = 00:00:07 . Memory (MB): peak = 1116.324 ; gain = 0.000
Phase 4 Post Placement Optimization and Clean-Up | Checksum: 18129f694

Time (s): cpu = 00:00:07 ; elapsed = 00:00:07 . Memory (MB): peak = 1116.324 ; gain = 0.000
Ending Placer Task | Checksum: 14c4ac15f

Time (s): cpu = 00:00:07 ; elapsed = 00:00:07 . Memory (MB): peak = 1116.324 ; gain = 0.000
INFO: [Common 17-83] Releasing license: Implementation
48 Infos, 42 Warnings, 0 Critical Warnings and 0 Errors encountered.
place_design completed successfully
place_design: Time (s): cpu = 00:00:10 ; elapsed = 00:00:09 . Memory (MB): peak = 1116.324 ; gain = 0.000
Writing placer database...
Writing XDEF routing.
Writing XDEF routing logical nets.
Writing XDEF routing special nets.
Write XDEF Complete: Time (s): cpu = 00:00:01 ; elapsed = 00:00:00.150 . Memory (MB): peak = 1116.324 ; gain = 0.000
INFO: [Common 17-1381] The checkpoint 'D:/Documents/GitHub/EECS_542_SeniorDesignProject/Vivado_Projects/Senior_Design_For_OK/Senior_Design_For_OK.runs/impl_1/OK_BoardWrapper_placed.dcp' has been generated.
report_io: Time (s): cpu = 00:00:00 ; elapsed = 00:00:00.111 . Memory (MB): peak = 1116.324 ; gain = 0.000
report_utilization: Time (s): cpu = 00:00:00 ; elapsed = 00:00:00.031 . Memory (MB): peak = 1116.324 ; gain = 0.000
report_control_sets: Time (s): cpu = 00:00:00 ; elapsed = 00:00:00.030 . Memory (MB): peak = 1116.324 ; gain = 0.000
Command: route_design
Attempting to get a license for feature 'Implementation' and/or device 'xc7a15t'
INFO: [Common 17-349] Got license for feature 'Implementation' and/or device 'xc7a15t'
Running DRC as a precondition to command route_design
INFO: [DRC 23-27] Running DRC with 2 threads
WARNING: [DRC 23-20] Rule violation (PLIO-3) Placement Constraints Check for IO constraints - Partially locked IO Bus is found. Following components of the IO Bus LED[15:0] are not locked:  LED[15] LED[14] LED[13] LED[12] LED[11] LED[10] LED[9] LED[8]
INFO: [Vivado_Tcl 4-198] DRC finished with 0 Errors, 1 Warnings
INFO: [Vivado_Tcl 4-199] Please refer to the DRC report (report_drc) for more information.


Starting Routing Task
INFO: [Route 35-254] Multithreading enabled for route_design using a maximum of 2 CPUs
Checksum: PlaceDB: b30b5849 ConstDB: 0 ShapeSum: 993f6916 RouteDB: 0

Phase 1 Build RT Design
Phase 1 Build RT Design | Checksum: ba058441

Time (s): cpu = 00:00:24 ; elapsed = 00:00:23 . Memory (MB): peak = 1116.324 ; gain = 0.000

Phase 2 Router Initialization

Phase 2.1 Create Timer
Phase 2.1 Create Timer | Checksum: ba058441

Time (s): cpu = 00:00:24 ; elapsed = 00:00:23 . Memory (MB): peak = 1116.324 ; gain = 0.000

Phase 2.2 Fix Topology Constraints
Phase 2.2 Fix Topology Constraints | Checksum: ba058441

Time (s): cpu = 00:00:24 ; elapsed = 00:00:23 . Memory (MB): peak = 1116.324 ; gain = 0.000

Phase 2.3 Pre Route Cleanup
Phase 2.3 Pre Route Cleanup | Checksum: ba058441

Time (s): cpu = 00:00:24 ; elapsed = 00:00:23 . Memory (MB): peak = 1116.324 ; gain = 0.000
 Number of Nodes with overlaps = 0

Phase 2.4 Update Timing
Phase 2.4 Update Timing | Checksum: 26fb40654

Time (s): cpu = 00:00:25 ; elapsed = 00:00:24 . Memory (MB): peak = 1116.324 ; gain = 0.000
INFO: [Route 35-416] Intermediate Timing Summary | WNS=6.686  | TNS=0.000  | WHS=-0.297 | THS=-22.087|

Phase 2 Router Initialization | Checksum: 2797c7c5e

Time (s): cpu = 00:00:25 ; elapsed = 00:00:24 . Memory (MB): peak = 1116.324 ; gain = 0.000

Phase 3 Initial Routing
Phase 3 Initial Routing | Checksum: 17681c2a1

Time (s): cpu = 00:00:26 ; elapsed = 00:00:24 . Memory (MB): peak = 1116.324 ; gain = 0.000

Phase 4 Rip-up And Reroute

Phase 4.1 Global Iteration 0
 Number of Nodes with overlaps = 92
 Number of Nodes with overlaps = 1
 Number of Nodes with overlaps = 0

Phase 4.1.1 Update Timing
Phase 4.1.1 Update Timing | Checksum: 267c1b209

Time (s): cpu = 00:00:26 ; elapsed = 00:00:24 . Memory (MB): peak = 1116.324 ; gain = 0.000
INFO: [Route 35-416] Intermediate Timing Summary | WNS=6.114  | TNS=0.000  | WHS=N/A    | THS=N/A    |

Phase 4.1 Global Iteration 0 | Checksum: 1287ff3b2

Time (s): cpu = 00:00:26 ; elapsed = 00:00:24 . Memory (MB): peak = 1116.324 ; gain = 0.000

Phase 4.2 Global Iteration 1
 Number of Nodes with overlaps = 0

Phase 4.2.1 Update Timing
Phase 4.2.1 Update Timing | Checksum: 2bc5de8e3

Time (s): cpu = 00:00:27 ; elapsed = 00:00:25 . Memory (MB): peak = 1116.324 ; gain = 0.000
INFO: [Route 35-416] Intermediate Timing Summary | WNS=6.114  | TNS=0.000  | WHS=N/A    | THS=N/A    |

Phase 4.2 Global Iteration 1 | Checksum: 27a994d10

Time (s): cpu = 00:00:27 ; elapsed = 00:00:25 . Memory (MB): peak = 1116.324 ; gain = 0.000
Phase 4 Rip-up And Reroute | Checksum: 27a994d10

Time (s): cpu = 00:00:27 ; elapsed = 00:00:25 . Memory (MB): peak = 1116.324 ; gain = 0.000

Phase 5 Delay and Skew Optimization

Phase 5.1 Delay CleanUp
Phase 5.1 Delay CleanUp | Checksum: 27a994d10

Time (s): cpu = 00:00:27 ; elapsed = 00:00:25 . Memory (MB): peak = 1116.324 ; gain = 0.000

Phase 5.2 Clock Skew Optimization
Phase 5.2 Clock Skew Optimization | Checksum: 27a994d10

Time (s): cpu = 00:00:27 ; elapsed = 00:00:25 . Memory (MB): peak = 1116.324 ; gain = 0.000
Phase 5 Delay and Skew Optimization | Checksum: 27a994d10

Time (s): cpu = 00:00:27 ; elapsed = 00:00:25 . Memory (MB): peak = 1116.324 ; gain = 0.000

Phase 6 Post Hold Fix

Phase 6.1 Hold Fix Iter

Phase 6.1.1 Update Timing
Phase 6.1.1 Update Timing | Checksum: 252e69054

Time (s): cpu = 00:00:27 ; elapsed = 00:00:25 . Memory (MB): peak = 1116.324 ; gain = 0.000
INFO: [Route 35-416] Intermediate Timing Summary | WNS=6.114  | TNS=0.000  | WHS=0.074  | THS=0.000  |

Phase 6.1 Hold Fix Iter | Checksum: 25ba4a88c

Time (s): cpu = 00:00:27 ; elapsed = 00:00:25 . Memory (MB): peak = 1116.324 ; gain = 0.000
Phase 6 Post Hold Fix | Checksum: 25ba4a88c

Time (s): cpu = 00:00:27 ; elapsed = 00:00:25 . Memory (MB): peak = 1116.324 ; gain = 0.000

Phase 7 Route finalize

Router Utilization Summary
  Global Vertical Routing Utilization    = 0.19182 %
  Global Horizontal Routing Utilization  = 0.211999 %
  Routable Net Status*
  *Does not include unroutable nets such as driverless and loadless.
  Run report_route_status for detailed report.
  Number of Failed Nets               = 0
  Number of Unrouted Nets             = 0
  Number of Partially Routed Nets     = 0
  Number of Node Overlaps             = 0

Phase 7 Route finalize | Checksum: 1e76f882d

Time (s): cpu = 00:00:27 ; elapsed = 00:00:25 . Memory (MB): peak = 1116.324 ; gain = 0.000

Phase 8 Verifying routed nets

 Verification completed successfully
Phase 8 Verifying routed nets | Checksum: 1e76f882d

Time (s): cpu = 00:00:27 ; elapsed = 00:00:25 . Memory (MB): peak = 1116.324 ; gain = 0.000

Phase 9 Depositing Routes
Phase 9 Depositing Routes | Checksum: 1dd002d3d

Time (s): cpu = 00:00:27 ; elapsed = 00:00:25 . Memory (MB): peak = 1116.324 ; gain = 0.000

Phase 10 Post Router Timing
INFO: [Route 35-57] Estimated Timing Summary | WNS=6.114  | TNS=0.000  | WHS=0.074  | THS=0.000  |

INFO: [Route 35-327] The final timing numbers are based on the router estimated timing analysis. For a complete and accurate timing signoff, please run report_timing_summary.
Phase 10 Post Router Timing | Checksum: 1dd002d3d

Time (s): cpu = 00:00:27 ; elapsed = 00:00:25 . Memory (MB): peak = 1116.324 ; gain = 0.000
INFO: [Route 35-16] Router Completed Successfully

Time (s): cpu = 00:00:27 ; elapsed = 00:00:25 . Memory (MB): peak = 1116.324 ; gain = 0.000

Routing Is Done.
INFO: [Common 17-83] Releasing license: Implementation
62 Infos, 43 Warnings, 0 Critical Warnings and 0 Errors encountered.
route_design completed successfully
route_design: Time (s): cpu = 00:00:29 ; elapsed = 00:00:26 . Memory (MB): peak = 1116.324 ; gain = 0.000
Writing placer database...
Writing XDEF routing.
Writing XDEF routing logical nets.
Writing XDEF routing special nets.
Write XDEF Complete: Time (s): cpu = 00:00:01 ; elapsed = 00:00:00.234 . Memory (MB): peak = 1116.324 ; gain = 0.000
INFO: [Common 17-1381] The checkpoint 'D:/Documents/GitHub/EECS_542_SeniorDesignProject/Vivado_Projects/Senior_Design_For_OK/Senior_Design_For_OK.runs/impl_1/OK_BoardWrapper_routed.dcp' has been generated.
INFO: [DRC 23-27] Running DRC with 2 threads
INFO: [Coretcl 2-168] The results of DRC are in file D:/Documents/GitHub/EECS_542_SeniorDesignProject/Vivado_Projects/Senior_Design_For_OK/Senior_Design_For_OK.runs/impl_1/OK_BoardWrapper_drc_routed.rpt.
WARNING: [Constraints 18-96] Setting input delay on a clock pin 'HI_In[0]' is not supported, ignoring it [D:/Documents/GitHub/EECS_542_SeniorDesignProject/EECS542_OK_Board_Constraints.xdc:57]
WARNING: [Constraints 18-96] Setting input delay on a clock pin 'HI_In[0]' is not supported, ignoring it [D:/Documents/GitHub/EECS_542_SeniorDesignProject/EECS542_OK_Board_Constraints.xdc:58]
INFO: [Timing 38-35] Done setting XDC timing constraints.
INFO: [DRC 23-133] Running Methodology with 2 threads
INFO: [Coretcl 2-1520] The results of Report Methodology are in file D:/Documents/GitHub/EECS_542_SeniorDesignProject/Vivado_Projects/Senior_Design_For_OK/Senior_Design_For_OK.runs/impl_1/OK_BoardWrapper_methodology_drc_routed.rpt.
WARNING: [Constraints 18-96] Setting input delay on a clock pin 'HI_In[0]' is not supported, ignoring it [D:/Documents/GitHub/EECS_542_SeniorDesignProject/EECS542_OK_Board_Constraints.xdc:57]
WARNING: [Constraints 18-96] Setting input delay on a clock pin 'HI_In[0]' is not supported, ignoring it [D:/Documents/GitHub/EECS_542_SeniorDesignProject/EECS542_OK_Board_Constraints.xdc:58]
INFO: [Timing 38-35] Done setting XDC timing constraints.
INFO: [Timing 38-91] UpdateTimingParams: Speed grade: -1, Delay Type: min_max.
INFO: [Timing 38-191] Multithreading enabled for timing update using a maximum of 2 CPUs
WARNING: [Constraints 18-96] Setting input delay on a clock pin 'HI_In[0]' is not supported, ignoring it [D:/Documents/GitHub/EECS_542_SeniorDesignProject/EECS542_OK_Board_Constraints.xdc:57]
WARNING: [Constraints 18-96] Setting input delay on a clock pin 'HI_In[0]' is not supported, ignoring it [D:/Documents/GitHub/EECS_542_SeniorDesignProject/EECS542_OK_Board_Constraints.xdc:58]
INFO: [Timing 38-35] Done setting XDC timing constraints.
Command: report_power -file OK_BoardWrapper_power_routed.rpt -pb OK_BoardWrapper_power_summary_routed.pb -rpx OK_BoardWrapper_power_routed.rpx
INFO: [Power 33-23] Power model is not available for a0/d0/dna0
Running Vector-less Activity Propagation...

Finished Running Vector-less Activity Propagation
73 Infos, 49 Warnings, 0 Critical Warnings and 0 Errors encountered.
report_power completed successfully
INFO: [Common 17-206] Exiting Vivado at Tue Apr 04 14:00:46 2017...
